2023-01-22 16:02:58.518  INFO --- o.h.v.i.u.Version : HV000001: Hibernate Validator 6.2.0.Final
2023-01-22 16:02:58.523  INFO --- o.s.b.StartupInfoLogger : Starting StockServiceApplication using Java 11.0.2 on DESKTOP-APEUGAO with PID 2656 (C:\Users\user\IdeaProjects\microservice\stock-service\target\classes started by user in C:\Users\user\IdeaProjects\microservice\stock-service)
2023-01-22 16:02:58.524  INFO --- o.s.b.SpringApplication : No active profile set, falling back to default profiles: default
2023-01-22 16:02:58.574  INFO --- o.s.b.l.DeferredLog : The Class-Path manifest attribute in C:\Users\user\.m2\repository\org\glassfish\hk2\hk2\2.6.1\hk2-2.6.1.jar referenced one or more files that do not exist: file:/C:/Users/user/.m2/repository/org/glassfish/hk2/hk2/2.6.1/hk2-utils.jar,file:/C:/Users/user/.m2/repository/org/glassfish/hk2/hk2/2.6.1/jakarta.annotation-api.jar,file:/C:/Users/user/.m2/repository/org/glassfish/hk2/hk2/2.6.1/jakarta.inject.jar,file:/C:/Users/user/.m2/repository/org/glassfish/hk2/hk2/2.6.1/hk2-api.jar,file:/C:/Users/user/.m2/repository/org/glassfish/hk2/hk2/2.6.1/aopalliance-repackaged.jar,file:/C:/Users/user/.m2/repository/org/glassfish/hk2/hk2/2.6.1/hk2-core.jar,file:/C:/Users/user/.m2/repository/org/glassfish/hk2/hk2/2.6.1/hk2-locator.jar,file:/C:/Users/user/.m2/repository/org/glassfish/hk2/hk2/2.6.1/javassist.jar,file:/C:/Users/user/.m2/repository/org/glassfish/hk2/hk2/2.6.1/hk2-runlevel.jar,file:/C:/Users/user/.m2/repository/org/glassfish/hk2/hk2/2.6.1/class-model.jar,file:/C:/Users/user/.m2/repository/org/glassfish/hk2/hk2/2.6.1/asm.jar,file:/C:/Users/user/.m2/repository/org/glassfish/hk2/hk2/2.6.1/asm-analysis.jar,file:/C:/Users/user/.m2/repository/org/glassfish/hk2/hk2/2.6.1/asm-commons.jar,file:/C:/Users/user/.m2/repository/org/glassfish/hk2/hk2/2.6.1/asm-tree.jar,file:/C:/Users/user/.m2/repository/org/glassfish/hk2/hk2/2.6.1/asm-util.jar
2023-01-22 16:02:58.575  INFO --- o.s.b.l.DeferredLog : Devtools property defaults active! Set 'spring.devtools.add-properties' to 'false' to disable
2023-01-22 16:02:58.575  INFO --- o.s.b.l.DeferredLog : For additional web related logging consider setting the 'logging.level.web' property to 'DEBUG'
2023-01-22 16:03:00.363  INFO --- o.s.d.r.c.RepositoryConfigurationDelegate : Bootstrapping Spring Data JPA repositories in DEFAULT mode.
2023-01-22 16:03:00.455  INFO --- o.s.d.r.c.RepositoryConfigurationDelegate : Finished Spring Data repository scanning in 76 ms. Found 1 JPA repository interfaces.
2023-01-22 16:03:01.060  INFO --- o.s.b.w.e.t.TomcatWebServer : Tomcat initialized with port(s): 8087 (http)
2023-01-22 16:03:01.067  INFO --- o.a.j.l.DirectJDKLog : Initializing ProtocolHandler ["http-nio-8087"]
2023-01-22 16:03:01.068  INFO --- o.a.j.l.DirectJDKLog : Starting service [Tomcat]
2023-01-22 16:03:01.068  INFO --- o.a.j.l.DirectJDKLog : Starting Servlet engine: [Apache Tomcat/9.0.55]
2023-01-22 16:03:01.175  INFO --- o.a.j.l.DirectJDKLog : Initializing Spring embedded WebApplicationContext
2023-01-22 16:03:01.176  INFO --- o.s.b.w.s.c.ServletWebServerApplicationContext : Root WebApplicationContext: initialization completed in 2600 ms
2023-01-22 16:03:01.492  INFO --- o.f.c.i.l.s.Slf4jLog : Flyway Community Edition 5.2.4 by Boxfuse
2023-01-22 16:03:01.847  WARN --- o.s.c.s.AbstractApplicationContext : Exception encountered during context initialization - cancelling refresh attempt: org.springframework.beans.factory.BeanCreationException: Error creating bean with name 'flywayInitializer' defined in class path resource [org/springframework/boot/autoconfigure/flyway/FlywayAutoConfiguration$FlywayConfiguration.class]: Invocation of init method failed; nested exception is java.lang.reflect.InvocationTargetException
2023-01-22 16:03:01.850  INFO --- o.a.j.l.DirectJDKLog : Stopping service [Tomcat]
2023-01-22 16:03:01.867  INFO --- o.s.b.a.l.ConditionEvaluationReportLoggingListener : 

Error starting ApplicationContext. To display the conditions report re-run your application with 'debug' enabled.
2023-01-22 16:03:01.891 ERROR --- o.s.b.SpringApplication : Application run failed
org.springframework.beans.factory.BeanCreationException: Error creating bean with name 'flywayInitializer' defined in class path resource [org/springframework/boot/autoconfigure/flyway/FlywayAutoConfiguration$FlywayConfiguration.class]: Invocation of init method failed; nested exception is java.lang.reflect.InvocationTargetException
	at org.springframework.beans.factory.support.AbstractAutowireCapableBeanFactory.initializeBean(AbstractAutowireCapableBeanFactory.java:1804)
	at org.springframework.beans.factory.support.AbstractAutowireCapableBeanFactory.doCreateBean(AbstractAutowireCapableBeanFactory.java:620)
	at org.springframework.beans.factory.support.AbstractAutowireCapableBeanFactory.createBean(AbstractAutowireCapableBeanFactory.java:542)
	at org.springframework.beans.factory.support.AbstractBeanFactory.lambda$doGetBean$0(AbstractBeanFactory.java:335)
	at org.springframework.beans.factory.support.DefaultSingletonBeanRegistry.getSingleton(DefaultSingletonBeanRegistry.java:234)
	at org.springframework.beans.factory.support.AbstractBeanFactory.doGetBean(AbstractBeanFactory.java:333)
	at org.springframework.beans.factory.support.AbstractBeanFactory.getBean(AbstractBeanFactory.java:208)
	at org.springframework.beans.factory.support.AbstractBeanFactory.doGetBean(AbstractBeanFactory.java:322)
	at org.springframework.beans.factory.support.AbstractBeanFactory.getBean(AbstractBeanFactory.java:208)
	at org.springframework.context.support.AbstractApplicationContext.getBean(AbstractApplicationContext.java:1154)
	at org.springframework.context.support.AbstractApplicationContext.finishBeanFactoryInitialization(AbstractApplicationContext.java:908)
	at org.springframework.context.support.AbstractApplicationContext.refresh(AbstractApplicationContext.java:583)
	at org.springframework.boot.web.servlet.context.ServletWebServerApplicationContext.refresh(ServletWebServerApplicationContext.java:145)
	at org.springframework.boot.SpringApplication.refresh(SpringApplication.java:730)
	at org.springframework.boot.SpringApplication.refreshContext(SpringApplication.java:412)
	at org.springframework.boot.SpringApplication.run(SpringApplication.java:302)
	at org.springframework.boot.SpringApplication.run(SpringApplication.java:1301)
	at org.springframework.boot.SpringApplication.run(SpringApplication.java:1290)
	at com.dasun.stockservice.StockServiceApplication.main(StockServiceApplication.java:12)
	at java.base/jdk.internal.reflect.NativeMethodAccessorImpl.invoke0(Native Method)
	at java.base/jdk.internal.reflect.NativeMethodAccessorImpl.invoke(NativeMethodAccessorImpl.java:62)
	at java.base/jdk.internal.reflect.DelegatingMethodAccessorImpl.invoke(DelegatingMethodAccessorImpl.java:43)
	at java.base/java.lang.reflect.Method.invoke(Method.java:566)
	at org.springframework.boot.devtools.restart.RestartLauncher.run(RestartLauncher.java:49)
Caused by: java.lang.reflect.InvocationTargetException: null
	at java.base/jdk.internal.reflect.NativeMethodAccessorImpl.invoke0(Native Method)
	at java.base/jdk.internal.reflect.NativeMethodAccessorImpl.invoke(NativeMethodAccessorImpl.java:62)
	at java.base/jdk.internal.reflect.DelegatingMethodAccessorImpl.invoke(DelegatingMethodAccessorImpl.java:43)
	at java.base/java.lang.reflect.Method.invoke(Method.java:566)
	at org.springframework.boot.autoconfigure.flyway.FlywayMigrationInitializer.afterPropertiesSet(FlywayMigrationInitializer.java:70)
	at org.springframework.beans.factory.support.AbstractAutowireCapableBeanFactory.invokeInitMethods(AbstractAutowireCapableBeanFactory.java:1863)
	at org.springframework.beans.factory.support.AbstractAutowireCapableBeanFactory.initializeBean(AbstractAutowireCapableBeanFactory.java:1800)
	... 23 common frames omitted
Caused by: org.flywaydb.core.internal.exception.FlywaySqlException: 
Unable to obtain connection from database: Access denied for user 'root'@'localhost' (using password: YES)
----------------------------------------------------------------------------------------------------------
SQL State  : 28000
Error Code : 1045
Message    : Access denied for user 'root'@'localhost' (using password: YES)

	at org.flywaydb.core.internal.jdbc.JdbcUtils.openConnection(JdbcUtils.java:60)
	at org.flywaydb.core.internal.database.DatabaseFactory.createDatabase(DatabaseFactory.java:72)
	at org.flywaydb.core.Flyway.execute(Flyway.java:1670)
	at org.flywaydb.core.Flyway.migrate(Flyway.java:1356)
	... 30 common frames omitted
Caused by: java.sql.SQLException: Access denied for user 'root'@'localhost' (using password: YES)
	at com.mysql.cj.jdbc.exceptions.SQLError.createSQLException(SQLError.java:129)
	at com.mysql.cj.jdbc.exceptions.SQLExceptionsMapping.translateException(SQLExceptionsMapping.java:122)
	at com.mysql.cj.jdbc.ConnectionImpl.createNewIO(ConnectionImpl.java:828)
	at com.mysql.cj.jdbc.ConnectionImpl.<init>(ConnectionImpl.java:448)
	at com.mysql.cj.jdbc.ConnectionImpl.getInstance(ConnectionImpl.java:241)
	at com.mysql.cj.jdbc.NonRegisteringDriver.connect(NonRegisteringDriver.java:198)
	at org.springframework.jdbc.datasource.SimpleDriverDataSource.getConnectionFromDriver(SimpleDriverDataSource.java:144)
	at org.springframework.jdbc.datasource.AbstractDriverBasedDataSource.getConnectionFromDriver(AbstractDriverBasedDataSource.java:205)
	at org.springframework.jdbc.datasource.AbstractDriverBasedDataSource.getConnection(AbstractDriverBasedDataSource.java:169)
	at org.flywaydb.core.internal.jdbc.JdbcUtils.openConnection(JdbcUtils.java:56)
	... 33 common frames omitted
2023-01-22 16:03:55.456  INFO --- o.h.v.i.u.Version : HV000001: Hibernate Validator 6.2.0.Final
2023-01-22 16:03:55.458  INFO --- o.s.b.StartupInfoLogger : Starting StockServiceApplication using Java 11.0.2 on DESKTOP-APEUGAO with PID 14112 (C:\Users\user\IdeaProjects\microservice\stock-service\target\classes started by user in C:\Users\user\IdeaProjects\microservice\stock-service)
2023-01-22 16:03:55.461  INFO --- o.s.b.SpringApplication : No active profile set, falling back to default profiles: default
2023-01-22 16:03:55.513  INFO --- o.s.b.l.DeferredLog : The Class-Path manifest attribute in C:\Users\user\.m2\repository\org\glassfish\hk2\hk2\2.6.1\hk2-2.6.1.jar referenced one or more files that do not exist: file:/C:/Users/user/.m2/repository/org/glassfish/hk2/hk2/2.6.1/hk2-utils.jar,file:/C:/Users/user/.m2/repository/org/glassfish/hk2/hk2/2.6.1/jakarta.annotation-api.jar,file:/C:/Users/user/.m2/repository/org/glassfish/hk2/hk2/2.6.1/jakarta.inject.jar,file:/C:/Users/user/.m2/repository/org/glassfish/hk2/hk2/2.6.1/hk2-api.jar,file:/C:/Users/user/.m2/repository/org/glassfish/hk2/hk2/2.6.1/aopalliance-repackaged.jar,file:/C:/Users/user/.m2/repository/org/glassfish/hk2/hk2/2.6.1/hk2-core.jar,file:/C:/Users/user/.m2/repository/org/glassfish/hk2/hk2/2.6.1/hk2-locator.jar,file:/C:/Users/user/.m2/repository/org/glassfish/hk2/hk2/2.6.1/javassist.jar,file:/C:/Users/user/.m2/repository/org/glassfish/hk2/hk2/2.6.1/hk2-runlevel.jar,file:/C:/Users/user/.m2/repository/org/glassfish/hk2/hk2/2.6.1/class-model.jar,file:/C:/Users/user/.m2/repository/org/glassfish/hk2/hk2/2.6.1/asm.jar,file:/C:/Users/user/.m2/repository/org/glassfish/hk2/hk2/2.6.1/asm-analysis.jar,file:/C:/Users/user/.m2/repository/org/glassfish/hk2/hk2/2.6.1/asm-commons.jar,file:/C:/Users/user/.m2/repository/org/glassfish/hk2/hk2/2.6.1/asm-tree.jar,file:/C:/Users/user/.m2/repository/org/glassfish/hk2/hk2/2.6.1/asm-util.jar
2023-01-22 16:03:55.514  INFO --- o.s.b.l.DeferredLog : Devtools property defaults active! Set 'spring.devtools.add-properties' to 'false' to disable
2023-01-22 16:03:55.515  INFO --- o.s.b.l.DeferredLog : For additional web related logging consider setting the 'logging.level.web' property to 'DEBUG'
2023-01-22 16:03:56.537  INFO --- o.s.d.r.c.RepositoryConfigurationDelegate : Bootstrapping Spring Data JPA repositories in DEFAULT mode.
2023-01-22 16:03:56.580  INFO --- o.s.d.r.c.RepositoryConfigurationDelegate : Finished Spring Data repository scanning in 36 ms. Found 1 JPA repository interfaces.
2023-01-22 16:03:57.071  INFO --- o.s.b.w.e.t.TomcatWebServer : Tomcat initialized with port(s): 8087 (http)
2023-01-22 16:03:57.078  INFO --- o.a.j.l.DirectJDKLog : Initializing ProtocolHandler ["http-nio-8087"]
2023-01-22 16:03:57.078  INFO --- o.a.j.l.DirectJDKLog : Starting service [Tomcat]
2023-01-22 16:03:57.078  INFO --- o.a.j.l.DirectJDKLog : Starting Servlet engine: [Apache Tomcat/9.0.55]
2023-01-22 16:03:57.177  INFO --- o.a.j.l.DirectJDKLog : Initializing Spring embedded WebApplicationContext
2023-01-22 16:03:57.177  INFO --- o.s.b.w.s.c.ServletWebServerApplicationContext : Root WebApplicationContext: initialization completed in 1662 ms
2023-01-22 16:03:57.370  INFO --- o.f.c.i.l.s.Slf4jLog : Flyway Community Edition 5.2.4 by Boxfuse
2023-01-22 16:03:57.565  INFO --- o.f.c.i.l.s.Slf4jLog : Database: jdbc:mysql://localhost:3306/stock (MySQL 8.0)
2023-01-22 16:03:57.622  INFO --- o.f.c.i.l.s.Slf4jLog : Successfully validated 2 migrations (execution time 00:00.009s)
2023-01-22 16:03:57.651  INFO --- o.f.c.i.l.s.Slf4jLog : Creating Schema History table: `stock`.`flyway_schema_history`
2023-01-22 16:03:57.857  INFO --- o.f.c.i.l.s.Slf4jLog : Current version of schema `stock`: << Empty Schema >>
2023-01-22 16:03:57.861  INFO --- o.f.c.i.l.s.Slf4jLog : Migrating schema `stock` to version 1 - CreateStock
2023-01-22 16:03:57.998  INFO --- o.f.c.i.l.s.Slf4jLog : Migrating schema `stock` to version 2 - InsertStock
2023-01-22 16:03:58.084  INFO --- o.f.c.i.l.s.Slf4jLog : Successfully applied 2 migrations to schema `stock` (execution time 00:00.434s)
2023-01-22 16:03:58.148  INFO --- o.h.j.i.u.LogHelper : HHH000204: Processing PersistenceUnitInfo [name: default]
2023-01-22 16:03:58.188  INFO --- o.h.Version : HHH000412: Hibernate ORM core version 5.6.1.Final
2023-01-22 16:03:58.295  INFO --- o.h.a.c.r.j.JavaReflectionManager : HCANN000001: Hibernate Commons Annotations {5.1.2.Final}
2023-01-22 16:03:58.377  INFO --- c.z.h.HikariDataSource : HikariPool-1 - Starting...
2023-01-22 16:03:58.389  INFO --- c.z.h.HikariDataSource : HikariPool-1 - Start completed.
2023-01-22 16:03:58.404  INFO --- o.h.d.Dialect : HHH000400: Using dialect: org.hibernate.dialect.MySQL8Dialect
2023-01-22 16:03:58.889  INFO --- o.h.e.t.j.p.i.JtaPlatformInitiator : HHH000490: Using JtaPlatform implementation: [org.hibernate.engine.transaction.jta.platform.internal.NoJtaPlatform]
2023-01-22 16:03:58.896  INFO --- o.s.o.j.AbstractEntityManagerFactoryBean : Initialized JPA EntityManagerFactory for persistence unit 'default'
2023-01-22 16:03:59.296  WARN --- o.s.b.a.o.j.JpaBaseConfiguration$JpaWebConfiguration : spring.jpa.open-in-view is enabled by default. Therefore, database queries may be performed during view rendering. Explicitly configure spring.jpa.open-in-view to disable this warning
2023-01-22 16:03:59.513  INFO --- o.s.b.a.e.w.EndpointLinksResolver : Exposing 1 endpoint(s) beneath base path '/actuator'
2023-01-22 16:03:59.635  INFO --- o.s.b.d.a.OptionalLiveReloadServer : LiveReload server is running on port 35729
2023-01-22 16:03:59.788  INFO --- o.a.j.l.DirectJDKLog : Starting ProtocolHandler ["http-nio-8087"]
2023-01-22 16:03:59.802  INFO --- o.s.b.w.e.t.TomcatWebServer : Tomcat started on port(s): 8087 (http) with context path '/api'
2023-01-22 16:03:59.806  WARN --- o.s.c.s.AbstractApplicationContext : Exception encountered during context initialization - cancelling refresh attempt: org.springframework.context.ApplicationContextException: Failed to start bean 'documentationPluginsBootstrapper'; nested exception is java.lang.NullPointerException
2023-01-22 16:03:59.809  INFO --- o.s.o.j.AbstractEntityManagerFactoryBean : Closing JPA EntityManagerFactory for persistence unit 'default'
2023-01-22 16:03:59.812  INFO --- c.z.h.HikariDataSource : HikariPool-1 - Shutdown initiated...
2023-01-22 16:03:59.827  INFO --- c.z.h.HikariDataSource : HikariPool-1 - Shutdown completed.
2023-01-22 16:04:00.019  INFO --- o.a.j.l.DirectJDKLog : Pausing ProtocolHandler ["http-nio-8087"]
2023-01-22 16:04:00.020  INFO --- o.a.j.l.DirectJDKLog : Stopping service [Tomcat]
2023-01-22 16:04:00.024  INFO --- o.a.j.l.DirectJDKLog : Stopping ProtocolHandler ["http-nio-8087"]
2023-01-22 16:04:00.026  INFO --- o.a.j.l.DirectJDKLog : Destroying ProtocolHandler ["http-nio-8087"]
2023-01-22 16:04:00.037  INFO --- o.s.b.a.l.ConditionEvaluationReportLoggingListener : 

Error starting ApplicationContext. To display the conditions report re-run your application with 'debug' enabled.
2023-01-22 16:04:00.059 ERROR --- o.s.b.SpringApplication : Application run failed
org.springframework.context.ApplicationContextException: Failed to start bean 'documentationPluginsBootstrapper'; nested exception is java.lang.NullPointerException
	at org.springframework.context.support.DefaultLifecycleProcessor.doStart(DefaultLifecycleProcessor.java:181)
	at org.springframework.context.support.DefaultLifecycleProcessor.access$200(DefaultLifecycleProcessor.java:54)
	at org.springframework.context.support.DefaultLifecycleProcessor$LifecycleGroup.start(DefaultLifecycleProcessor.java:356)
	at java.base/java.lang.Iterable.forEach(Iterable.java:75)
	at org.springframework.context.support.DefaultLifecycleProcessor.startBeans(DefaultLifecycleProcessor.java:155)
	at org.springframework.context.support.DefaultLifecycleProcessor.onRefresh(DefaultLifecycleProcessor.java:123)
	at org.springframework.context.support.AbstractApplicationContext.finishRefresh(AbstractApplicationContext.java:935)
	at org.springframework.context.support.AbstractApplicationContext.refresh(AbstractApplicationContext.java:586)
	at org.springframework.boot.web.servlet.context.ServletWebServerApplicationContext.refresh(ServletWebServerApplicationContext.java:145)
	at org.springframework.boot.SpringApplication.refresh(SpringApplication.java:730)
	at org.springframework.boot.SpringApplication.refreshContext(SpringApplication.java:412)
	at org.springframework.boot.SpringApplication.run(SpringApplication.java:302)
	at org.springframework.boot.SpringApplication.run(SpringApplication.java:1301)
	at org.springframework.boot.SpringApplication.run(SpringApplication.java:1290)
	at com.dasun.stockservice.StockServiceApplication.main(StockServiceApplication.java:12)
	at java.base/jdk.internal.reflect.NativeMethodAccessorImpl.invoke0(Native Method)
	at java.base/jdk.internal.reflect.NativeMethodAccessorImpl.invoke(NativeMethodAccessorImpl.java:62)
	at java.base/jdk.internal.reflect.DelegatingMethodAccessorImpl.invoke(DelegatingMethodAccessorImpl.java:43)
	at java.base/java.lang.reflect.Method.invoke(Method.java:566)
	at org.springframework.boot.devtools.restart.RestartLauncher.run(RestartLauncher.java:49)
Caused by: java.lang.NullPointerException: null
	at springfox.documentation.spring.web.WebMvcPatternsRequestConditionWrapper.getPatterns(WebMvcPatternsRequestConditionWrapper.java:56)
	at springfox.documentation.RequestHandler.sortedPaths(RequestHandler.java:113)
	at springfox.documentation.spi.service.contexts.Orderings.lambda$byPatternsCondition$3(Orderings.java:89)
	at java.base/java.util.Comparator.lambda$comparing$77a9974f$1(Comparator.java:469)
	at java.base/java.util.TimSort.countRunAndMakeAscending(TimSort.java:355)
	at java.base/java.util.TimSort.sort(TimSort.java:220)
	at java.base/java.util.Arrays.sort(Arrays.java:1515)
	at java.base/java.util.ArrayList.sort(ArrayList.java:1749)
	at java.base/java.util.stream.SortedOps$RefSortingSink.end(SortedOps.java:392)
	at java.base/java.util.stream.Sink$ChainedReference.end(Sink.java:258)
	at java.base/java.util.stream.Sink$ChainedReference.end(Sink.java:258)
	at java.base/java.util.stream.Sink$ChainedReference.end(Sink.java:258)
	at java.base/java.util.stream.Sink$ChainedReference.end(Sink.java:258)
	at java.base/java.util.stream.AbstractPipeline.copyInto(AbstractPipeline.java:485)
	at java.base/java.util.stream.AbstractPipeline.wrapAndCopyInto(AbstractPipeline.java:474)
	at java.base/java.util.stream.ReduceOps$ReduceOp.evaluateSequential(ReduceOps.java:913)
	at java.base/java.util.stream.AbstractPipeline.evaluate(AbstractPipeline.java:234)
	at java.base/java.util.stream.ReferencePipeline.collect(ReferencePipeline.java:578)
	at springfox.documentation.spring.web.plugins.WebMvcRequestHandlerProvider.requestHandlers(WebMvcRequestHandlerProvider.java:81)
	at java.base/java.util.stream.ReferencePipeline$3$1.accept(ReferencePipeline.java:195)
	at java.base/java.util.ArrayList$ArrayListSpliterator.forEachRemaining(ArrayList.java:1654)
	at java.base/java.util.stream.AbstractPipeline.copyInto(AbstractPipeline.java:484)
	at java.base/java.util.stream.AbstractPipeline.wrapAndCopyInto(AbstractPipeline.java:474)
	at java.base/java.util.stream.ReduceOps$ReduceOp.evaluateSequential(ReduceOps.java:913)
	at java.base/java.util.stream.AbstractPipeline.evaluate(AbstractPipeline.java:234)
	at java.base/java.util.stream.ReferencePipeline.collect(ReferencePipeline.java:578)
	at springfox.documentation.spring.web.plugins.AbstractDocumentationPluginsBootstrapper.withDefaults(AbstractDocumentationPluginsBootstrapper.java:107)
	at springfox.documentation.spring.web.plugins.AbstractDocumentationPluginsBootstrapper.buildContext(AbstractDocumentationPluginsBootstrapper.java:91)
	at springfox.documentation.spring.web.plugins.AbstractDocumentationPluginsBootstrapper.bootstrapDocumentationPlugins(AbstractDocumentationPluginsBootstrapper.java:82)
	at springfox.documentation.spring.web.plugins.DocumentationPluginsBootstrapper.start(DocumentationPluginsBootstrapper.java:100)
	at org.springframework.context.support.DefaultLifecycleProcessor.doStart(DefaultLifecycleProcessor.java:178)
	... 19 common frames omitted
2023-01-22 16:06:04.336  INFO --- o.s.b.StartupInfoLogger : Starting StockServiceApplication using Java 11.0.2 on DESKTOP-APEUGAO with PID 8736 (C:\Users\user\IdeaProjects\microservice\stock-service\target\classes started by user in C:\Users\user\IdeaProjects\microservice\stock-service)
2023-01-22 16:06:04.339  INFO --- o.h.v.i.u.Version : HV000001: Hibernate Validator 6.2.0.Final
2023-01-22 16:06:04.341  INFO --- o.s.b.SpringApplication : No active profile set, falling back to default profiles: default
2023-01-22 16:06:04.386  INFO --- o.s.b.l.DeferredLog : The Class-Path manifest attribute in C:\Users\user\.m2\repository\org\glassfish\hk2\hk2\2.6.1\hk2-2.6.1.jar referenced one or more files that do not exist: file:/C:/Users/user/.m2/repository/org/glassfish/hk2/hk2/2.6.1/hk2-utils.jar,file:/C:/Users/user/.m2/repository/org/glassfish/hk2/hk2/2.6.1/jakarta.annotation-api.jar,file:/C:/Users/user/.m2/repository/org/glassfish/hk2/hk2/2.6.1/jakarta.inject.jar,file:/C:/Users/user/.m2/repository/org/glassfish/hk2/hk2/2.6.1/hk2-api.jar,file:/C:/Users/user/.m2/repository/org/glassfish/hk2/hk2/2.6.1/aopalliance-repackaged.jar,file:/C:/Users/user/.m2/repository/org/glassfish/hk2/hk2/2.6.1/hk2-core.jar,file:/C:/Users/user/.m2/repository/org/glassfish/hk2/hk2/2.6.1/hk2-locator.jar,file:/C:/Users/user/.m2/repository/org/glassfish/hk2/hk2/2.6.1/javassist.jar,file:/C:/Users/user/.m2/repository/org/glassfish/hk2/hk2/2.6.1/hk2-runlevel.jar,file:/C:/Users/user/.m2/repository/org/glassfish/hk2/hk2/2.6.1/class-model.jar,file:/C:/Users/user/.m2/repository/org/glassfish/hk2/hk2/2.6.1/asm.jar,file:/C:/Users/user/.m2/repository/org/glassfish/hk2/hk2/2.6.1/asm-analysis.jar,file:/C:/Users/user/.m2/repository/org/glassfish/hk2/hk2/2.6.1/asm-commons.jar,file:/C:/Users/user/.m2/repository/org/glassfish/hk2/hk2/2.6.1/asm-tree.jar,file:/C:/Users/user/.m2/repository/org/glassfish/hk2/hk2/2.6.1/asm-util.jar
2023-01-22 16:06:04.387  INFO --- o.s.b.l.DeferredLog : Devtools property defaults active! Set 'spring.devtools.add-properties' to 'false' to disable
2023-01-22 16:06:04.387  INFO --- o.s.b.l.DeferredLog : For additional web related logging consider setting the 'logging.level.web' property to 'DEBUG'
2023-01-22 16:06:05.842  INFO --- o.s.d.r.c.RepositoryConfigurationDelegate : Bootstrapping Spring Data JPA repositories in DEFAULT mode.
2023-01-22 16:06:05.932  INFO --- o.s.d.r.c.RepositoryConfigurationDelegate : Finished Spring Data repository scanning in 75 ms. Found 1 JPA repository interfaces.
2023-01-22 16:06:06.720  INFO --- o.s.b.w.e.t.TomcatWebServer : Tomcat initialized with port(s): 8087 (http)
2023-01-22 16:06:06.728  INFO --- o.a.j.l.DirectJDKLog : Initializing ProtocolHandler ["http-nio-8087"]
2023-01-22 16:06:06.729  INFO --- o.a.j.l.DirectJDKLog : Starting service [Tomcat]
2023-01-22 16:06:06.729  INFO --- o.a.j.l.DirectJDKLog : Starting Servlet engine: [Apache Tomcat/9.0.55]
2023-01-22 16:06:06.840  INFO --- o.a.j.l.DirectJDKLog : Initializing Spring embedded WebApplicationContext
2023-01-22 16:06:06.841  INFO --- o.s.b.w.s.c.ServletWebServerApplicationContext : Root WebApplicationContext: initialization completed in 2453 ms
2023-01-22 16:06:06.961  INFO --- o.f.c.i.l.s.Slf4jLog : Flyway Community Edition 5.2.4 by Boxfuse
2023-01-22 16:06:07.201  INFO --- o.f.c.i.l.s.Slf4jLog : Database: jdbc:mysql://localhost:3306/stock (MySQL 8.0)
2023-01-22 16:06:07.260  INFO --- o.f.c.i.l.s.Slf4jLog : Successfully validated 2 migrations (execution time 00:00.009s)
2023-01-22 16:06:07.274  INFO --- o.f.c.i.l.s.Slf4jLog : Creating Schema History table: `stock`.`flyway_schema_history`
2023-01-22 16:06:07.953  INFO --- o.f.c.i.l.s.Slf4jLog : Current version of schema `stock`: << Empty Schema >>
2023-01-22 16:06:07.958  INFO --- o.f.c.i.l.s.Slf4jLog : Migrating schema `stock` to version 1 - CreateStock
2023-01-22 16:06:08.320  INFO --- o.f.c.i.l.s.Slf4jLog : Migrating schema `stock` to version 2 - InsertStock
2023-01-22 16:06:08.373  INFO --- o.f.c.i.l.s.Slf4jLog : Successfully applied 2 migrations to schema `stock` (execution time 00:01.100s)
2023-01-22 16:06:08.430  INFO --- o.h.j.i.u.LogHelper : HHH000204: Processing PersistenceUnitInfo [name: default]
2023-01-22 16:06:08.468  INFO --- o.h.Version : HHH000412: Hibernate ORM core version 5.6.1.Final
2023-01-22 16:06:08.585  INFO --- o.h.a.c.r.j.JavaReflectionManager : HCANN000001: Hibernate Commons Annotations {5.1.2.Final}
2023-01-22 16:06:08.668  INFO --- c.z.h.HikariDataSource : HikariPool-1 - Starting...
2023-01-22 16:06:08.682  INFO --- c.z.h.HikariDataSource : HikariPool-1 - Start completed.
2023-01-22 16:06:08.697  INFO --- o.h.d.Dialect : HHH000400: Using dialect: org.hibernate.dialect.MySQL8Dialect
2023-01-22 16:06:09.202  INFO --- o.h.e.t.j.p.i.JtaPlatformInitiator : HHH000490: Using JtaPlatform implementation: [org.hibernate.engine.transaction.jta.platform.internal.NoJtaPlatform]
2023-01-22 16:06:09.210  INFO --- o.s.o.j.AbstractEntityManagerFactoryBean : Initialized JPA EntityManagerFactory for persistence unit 'default'
2023-01-22 16:06:09.621  WARN --- o.s.b.a.o.j.JpaBaseConfiguration$JpaWebConfiguration : spring.jpa.open-in-view is enabled by default. Therefore, database queries may be performed during view rendering. Explicitly configure spring.jpa.open-in-view to disable this warning
2023-01-22 16:06:09.801  INFO --- o.s.b.d.a.OptionalLiveReloadServer : LiveReload server is running on port 35729
2023-01-22 16:06:09.934  INFO --- o.a.j.l.DirectJDKLog : Starting ProtocolHandler ["http-nio-8087"]
2023-01-22 16:06:09.949  INFO --- o.s.b.w.e.t.TomcatWebServer : Tomcat started on port(s): 8087 (http) with context path '/api'
2023-01-22 16:06:10.107  INFO --- o.s.b.StartupInfoLogger : Started StockServiceApplication in 6.266 seconds (JVM running for 7.374)
2023-01-22 16:07:38.460  INFO --- o.s.t.c.s.AbstractTestContextBootstrapper : Neither @ContextConfiguration nor @ContextHierarchy found for test class [com.dasun.stockservice.stock.StockControllerTest], using SpringBootContextLoader
2023-01-22 16:07:38.470  INFO --- o.s.t.c.s.AbstractContextLoader : Could not detect default resource locations for test class [com.dasun.stockservice.stock.StockControllerTest]: no resource found for suffixes {-context.xml, Context.groovy}.
2023-01-22 16:07:38.472  INFO --- o.s.t.c.s.AnnotationConfigContextLoaderUtils : Could not detect default configuration classes for test class [com.dasun.stockservice.stock.StockControllerTest]: StockControllerTest does not declare any static, non-private, non-final, nested classes annotated with @Configuration.
2023-01-22 16:07:38.634  INFO --- o.s.b.t.c.SpringBootTestContextBootstrapper : Found @SpringBootConfiguration com.dasun.stockservice.StockServiceApplication for test class com.dasun.stockservice.stock.StockControllerTest
2023-01-22 16:07:38.638  INFO --- o.s.t.c.s.AbstractTestContextBootstrapper : Loaded default TestExecutionListener class names from location [META-INF/spring.factories]: [org.springframework.boot.test.mock.mockito.MockitoTestExecutionListener, org.springframework.boot.test.mock.mockito.ResetMocksTestExecutionListener, org.springframework.boot.test.autoconfigure.restdocs.RestDocsTestExecutionListener, org.springframework.boot.test.autoconfigure.web.client.MockRestServiceServerResetTestExecutionListener, org.springframework.boot.test.autoconfigure.web.servlet.MockMvcPrintOnlyOnFailureTestExecutionListener, org.springframework.boot.test.autoconfigure.web.servlet.WebDriverTestExecutionListener, org.springframework.boot.test.autoconfigure.webservices.client.MockWebServiceServerTestExecutionListener, org.springframework.test.context.web.ServletTestExecutionListener, org.springframework.test.context.support.DirtiesContextBeforeModesTestExecutionListener, org.springframework.test.context.event.ApplicationEventsTestExecutionListener, org.springframework.test.context.support.DependencyInjectionTestExecutionListener, org.springframework.test.context.support.DirtiesContextTestExecutionListener, org.springframework.test.context.transaction.TransactionalTestExecutionListener, org.springframework.test.context.jdbc.SqlScriptsTestExecutionListener, org.springframework.test.context.event.EventPublishingTestExecutionListener]
2023-01-22 16:07:38.659  INFO --- o.s.t.c.s.AbstractTestContextBootstrapper : Using TestExecutionListeners: [org.springframework.test.context.web.ServletTestExecutionListener@4e76dac, org.springframework.test.context.support.DirtiesContextBeforeModesTestExecutionListener@611df6e3, org.springframework.test.context.event.ApplicationEventsTestExecutionListener@5f2f577, org.springframework.boot.test.mock.mockito.MockitoTestExecutionListener@6273c5a4, org.springframework.boot.test.autoconfigure.SpringBootDependencyInjectionTestExecutionListener@5d465e4b, org.springframework.test.context.support.DirtiesContextTestExecutionListener@53e211ee, org.springframework.test.context.transaction.TransactionalTestExecutionListener@41a90fa8, org.springframework.test.context.jdbc.SqlScriptsTestExecutionListener@3d8bbcdc, org.springframework.test.context.event.EventPublishingTestExecutionListener@52500920, org.springframework.boot.test.mock.mockito.ResetMocksTestExecutionListener@117e0fe5, org.springframework.boot.test.autoconfigure.restdocs.RestDocsTestExecutionListener@18a3962d, org.springframework.boot.test.autoconfigure.web.client.MockRestServiceServerResetTestExecutionListener@78aea4b9, org.springframework.boot.test.autoconfigure.web.servlet.MockMvcPrintOnlyOnFailureTestExecutionListener@2a65bb85, org.springframework.boot.test.autoconfigure.web.servlet.WebDriverTestExecutionListener@4b85880b, org.springframework.boot.test.autoconfigure.webservices.client.MockWebServiceServerTestExecutionListener@4f936da8]
2023-01-22 16:07:39.255  INFO --- o.s.b.StartupInfoLogger : Starting StockControllerTest using Java 11.0.2 on DESKTOP-APEUGAO with PID 13080 (started by user in C:\Users\user\IdeaProjects\microservice\stock-service)
2023-01-22 16:07:39.257  INFO --- o.s.b.SpringApplication : No active profile set, falling back to default profiles: default
2023-01-22 16:07:39.256  INFO --- o.h.v.i.u.Version : HV000001: Hibernate Validator 6.2.0.Final
2023-01-22 16:07:41.914  INFO --- o.s.m.w.MockServletContext : Initializing Spring TestDispatcherServlet ''
2023-01-22 16:07:41.915  INFO --- o.s.w.s.FrameworkServlet : Initializing Servlet ''
2023-01-22 16:07:41.916  INFO --- o.s.w.s.FrameworkServlet : Completed initialization in 1 ms
2023-01-22 16:07:41.944  INFO --- o.s.b.StartupInfoLogger : Started StockControllerTest in 3.043 seconds (JVM running for 4.465)
2023-01-22 16:07:42.063  INFO --- c.d.s.s.StockController : GET_ALL_STOCKS: response=[Stock{id=1, name='Apple USA', currentPrice=13, lastUpdate=2023-01-23 00:07:41.975}] | timeTaken=3
2023-01-22 16:07:42.397  INFO --- c.d.s.s.StockController : UPDATE_STOCK: response=Stock{id=1, name='Apple USA', currentPrice=13, lastUpdate=2023-01-23 00:07:42.21} | timeTaken=1
2023-01-22 16:07:42.415  INFO --- c.d.s.s.StockController : DELETE_STOCK: | timeTaken=1
2023-01-22 16:07:42.454  INFO --- c.d.s.s.StockController : VIEW_STOCK: response=null | timeTaken=0
2023-01-22 16:07:42.480  INFO --- c.d.s.s.StockController : ADD_STOCK: response=Stock{id=1, name='Apple USA', currentPrice=13, lastUpdate=2023-01-23 00:07:42.474} | timeTaken=1
2023-01-22 16:07:42.803  INFO --- c.d.s.s.StockServiceImpl : Stock Not Found for id :101
2023-01-22 16:07:42.823  INFO --- c.d.s.s.StockServiceImpl : Created stock
2023-01-22 16:07:42.830  INFO --- c.d.s.s.StockServiceImpl : Updated stock
2023-01-22 16:07:42.834  INFO --- c.d.s.s.StockServiceImpl : Created stock
2023-01-22 16:07:42.837  INFO --- c.d.s.s.StockServiceImpl : Deleted stock
2023-01-22 16:07:42.842  INFO --- c.d.s.s.StockServiceImpl : Created stock
2023-01-22 16:07:42.850  INFO --- c.d.s.s.StockServiceImpl : Created stock
2023-01-22 16:07:42.854  INFO --- c.d.s.s.StockServiceImpl : Stock Not Found for id :101
2023-01-22 16:07:42.859  INFO --- c.d.s.s.StockServiceImpl : Stock Not Found for id :101
